#-----------------------------------------------------------
# Webtalk v2018.3 (64-bit)
# SW Build 2405991 on Thu Dec  6 23:38:27 MST 2018
# 
# Start of session at: Fri Oct 11 14:08:49 2024
# Process ID: 15540
# Current directory: C:/Users/julia/Documents/1195/Lab3/Lab3.sdk/webtalk
# Command line: wbtcv.exe -mode batch -source sdk_webtalk.tcl
# Log file: C:/Users/julia/Documents/1195/Lab3/Lab3.sdk/webtalk/webtalk.log
# Journal file: C:/Users/julia/Documents/1195/Lab3/Lab3.sdk/webtalk\webtalk.jou
#-----------------------------------------------------------
source sdk_webtalk.tcl
# webtalk_init -webtalk_dir C:\\Users\\julia\\Documents\\1195\\Lab3\\Lab3.sdk\\webtalk
# webtalk_register_client -client project
# webtalk_add_data -client project -key date_generated -value "2024-10-11 14:08:47" -context "software_version_and_target_device"
# webtalk_add_data -client project -key product_version -value "SDK v2018.3" -context "software_version_and_target_device"
# webtalk_add_data -client project -key build_version -value "2018.3" -context "software_version_and_target_device"
# webtalk_add_data -client project -key os_platform -value "amd64" -context "software_version_and_target_device"
# webtalk_add_data -client project -key registration_id -value "211142296_1777514147_210729583_846" -context "software_version_and_target_device"
# webtalk_add_data -client project -key tool_flow -value "SDK" -context "software_version_and_target_device"
# webtalk_add_data -client project -key beta -value "false" -context "software_version_and_target_device"
# webtalk_add_data -client project -key route_design -value "NA" -context "software_version_and_target_device"
# webtalk_add_data -client project -key target_family -value "NA" -context "software_version_and_target_device"
# webtalk_add_data -client project -key target_device -value "NA" -context "software_version_and_target_device"
# webtalk_add_data -client project -key target_package -value "NA" -context "software_version_and_target_device"
# webtalk_add_data -client project -key target_speed -value "NA" -context "software_version_and_target_device"
# webtalk_add_data -client project -key random_id -value "3v6avldcgvmcqtt3v5v2ji80d6" -context "software_version_and_target_device"
# webtalk_add_data -client project -key project_id -value "2018.3_6" -context "software_version_and_target_device"
# webtalk_add_data -client project -key project_iteration -value "6" -context "software_version_and_target_device"
# webtalk_add_data -client project -key os_name -value "Microsoft Windows 8 or later , 64-bit" -context "user_environment"
# webtalk_add_data -client project -key os_release -value "major release  (build 9200)" -context "user_environment"
# webtalk_add_data -client project -key cpu_name -value "13th Gen Intel(R) Core(TM) i3-1315U" -context "user_environment"
# webtalk_add_data -client project -key cpu_speed -value "2496 MHz" -context "user_environment"
# webtalk_add_data -client project -key total_processors -value "1" -context "user_environment"
# webtalk_add_data -client project -key system_ram -value "16.890 GB" -context "user_environment"
# webtalk_register_client -client sdk
# webtalk_add_data -client sdk -key uid -value "1728666184891" -context "sdk\\\\hardware/1728666184891"
# webtalk_add_data -client sdk -key isZynq -value "true" -context "sdk\\\\hardware/1728666184891"
# webtalk_add_data -client sdk -key isZynqMP -value "false" -context "sdk\\\\hardware/1728666184891"
# webtalk_add_data -client sdk -key Processors -value "2" -context "sdk\\\\hardware/1728666184891"
# webtalk_add_data -client sdk -key VivadoVersion -value "2018.3" -context "sdk\\\\hardware/1728666184891"
# webtalk_add_data -client sdk -key Arch -value "zynq" -context "sdk\\\\hardware/1728666184891"
# webtalk_add_data -client sdk -key Device -value "7z020" -context "sdk\\\\hardware/1728666184891"
# webtalk_add_data -client sdk -key IsHandoff -value "true" -context "sdk\\\\hardware/1728666184891"
# webtalk_add_data -client sdk -key os -value "NA" -context "sdk\\\\hardware/1728666184891"
# webtalk_add_data -client sdk -key apptemplate -value "NA" -context "sdk\\\\hardware/1728666184891"
# webtalk_add_data -client sdk -key RecordType -value "HWCreation" -context "sdk\\\\hardware/1728666184891"
# webtalk_add_data -client sdk -key uid -value "1728666210038" -context "sdk\\\\bsp/1728666210038"
# webtalk_add_data -client sdk -key hwid -value "1728666184891" -context "sdk\\\\bsp/1728666210038"
# webtalk_add_data -client sdk -key os -value "standalone" -context "sdk\\\\bsp/1728666210038"
# webtalk_add_data -client sdk -key apptemplate -value "hello_world" -context "sdk\\\\bsp/1728666210038"
# webtalk_add_data -client sdk -key RecordType -value "BSPCreation" -context "sdk\\\\bsp/1728666210038"
# webtalk_add_data -client sdk -key uid -value "1728666212832" -context "sdk\\\\application/1728666212832"
# webtalk_add_data -client sdk -key hwid -value "1728666184891" -context "sdk\\\\application/1728666212832"
# webtalk_add_data -client sdk -key bspid -value "1728666210038" -context "sdk\\\\application/1728666212832"
# webtalk_add_data -client sdk -key newbsp -value "true" -context "sdk\\\\application/1728666212832"
# webtalk_add_data -client sdk -key os -value "standalone" -context "sdk\\\\application/1728666212832"
# webtalk_add_data -client sdk -key apptemplate -value "hello_world" -context "sdk\\\\application/1728666212832"
# webtalk_add_data -client sdk -key RecordType -value "APPCreation" -context "sdk\\\\application/1728666212832"
# webtalk_add_data -client sdk -key LangUsed -value "C" -context "sdk\\\\application/1728666212832"
# webtalk_add_data -client sdk -key Procused -value "ps7_cortexa9" -context "sdk\\\\application/1728666212832"
# webtalk_add_data -client sdk -key uid -value "1728666268812" -context "sdk\\\\bsp/1728666268812"
# webtalk_add_data -client sdk -key hwid -value "1728666184891" -context "sdk\\\\bsp/1728666268812"
# webtalk_add_data -client sdk -key os -value "standalone" -context "sdk\\\\bsp/1728666268812"
# webtalk_add_data -client sdk -key apptemplate -value "empty_application" -context "sdk\\\\bsp/1728666268812"
# webtalk_add_data -client sdk -key RecordType -value "BSPCreation" -context "sdk\\\\bsp/1728666268812"
# webtalk_add_data -client sdk -key uid -value "1728666270084" -context "sdk\\\\application/1728666270084"
# webtalk_add_data -client sdk -key hwid -value "1728666184891" -context "sdk\\\\application/1728666270084"
# webtalk_add_data -client sdk -key bspid -value "1728666268812" -context "sdk\\\\application/1728666270084"
# webtalk_add_data -client sdk -key newbsp -value "true" -context "sdk\\\\application/1728666270084"
# webtalk_add_data -client sdk -key os -value "standalone" -context "sdk\\\\application/1728666270084"
# webtalk_add_data -client sdk -key apptemplate -value "empty_application" -context "sdk\\\\application/1728666270084"
# webtalk_add_data -client sdk -key RecordType -value "APPCreation" -context "sdk\\\\application/1728666270084"
# webtalk_add_data -client sdk -key LangUsed -value "C" -context "sdk\\\\application/1728666270084"
# webtalk_add_data -client sdk -key Procused -value "ps7_cortexa9" -context "sdk\\\\application/1728666270084"
# webtalk_add_data -client sdk -key projSize -value "241.359375" -context "sdk\\\\application/1728666270084"
# webtalk_add_data -client sdk -key uid -value "NA" -context "sdk\\\\bsp/1728670127470"
# webtalk_add_data -client sdk -key RecordType -value "ToolUsage" -context "sdk\\\\bsp/1728670127470"
# webtalk_add_data -client sdk -key BootgenCount -value "0" -context "sdk\\\\bsp/1728670127470"
# webtalk_add_data -client sdk -key DebugCount -value "21" -context "sdk\\\\bsp/1728670127470"
# webtalk_add_data -client sdk -key PerfCount -value "0" -context "sdk\\\\bsp/1728670127470"
# webtalk_add_data -client sdk -key FlashCount -value "0" -context "sdk\\\\bsp/1728670127470"
# webtalk_add_data -client sdk -key CrossTriggCount -value "0" -context "sdk\\\\bsp/1728670127470"
# webtalk_add_data -client sdk -key QemuDebugCount -value "0" -context "sdk\\\\bsp/1728670127470"
# webtalk_transmit -clientid 1544906352 -regid "211142296_1777514147_210729583_846" -xml C:\\Users\\julia\\Documents\\1195\\Lab3\\Lab3.sdk\\webtalk\\usage_statistics_ext_sdk.xml -html C:\\Users\\julia\\Documents\\1195\\Lab3\\Lab3.sdk\\webtalk\\usage_statistics_ext_sdk.html -wdm C:\\Users\\julia\\Documents\\1195\\Lab3\\Lab3.sdk\\webtalk\\sdk_webtalk.wdm -intro "<H3>SDK Usage Report</H3><BR>"
# webtalk_terminate
INFO: [Common 17-206] Exiting Webtalk at Fri Oct 11 14:08:50 2024...
