#-----------------------------------------------------------
# Webtalk v2018.3 (64-bit)
# SW Build 2405991 on Thu Dec  6 23:38:27 MST 2018
# 
# Start of session at: Mon Sep 16 20:17:01 2024
# Process ID: 7936
# Current directory: C:/Users/julia/Documents/1195/Lab1/Lab1.sdk/webtalk
# Command line: wbtcv.exe -mode batch -source sdk_webtalk.tcl
# Log file: C:/Users/julia/Documents/1195/Lab1/Lab1.sdk/webtalk/webtalk.log
# Journal file: C:/Users/julia/Documents/1195/Lab1/Lab1.sdk/webtalk\webtalk.jou
#-----------------------------------------------------------
source sdk_webtalk.tcl
# webtalk_init -webtalk_dir C:\\Users\\julia\\Documents\\1195\\Lab1\\Lab1.sdk\\webtalk
# webtalk_register_client -client project
# webtalk_add_data -client project -key date_generated -value "2024-09-16 20:17:00" -context "software_version_and_target_device"
# webtalk_add_data -client project -key product_version -value "SDK v2018.3" -context "software_version_and_target_device"
# webtalk_add_data -client project -key build_version -value "2018.3" -context "software_version_and_target_device"
# webtalk_add_data -client project -key os_platform -value "amd64" -context "software_version_and_target_device"
# webtalk_add_data -client project -key registration_id -value "" -context "software_version_and_target_device"
# webtalk_add_data -client project -key tool_flow -value "SDK" -context "software_version_and_target_device"
# webtalk_add_data -client project -key beta -value "false" -context "software_version_and_target_device"
# webtalk_add_data -client project -key route_design -value "NA" -context "software_version_and_target_device"
# webtalk_add_data -client project -key target_family -value "NA" -context "software_version_and_target_device"
# webtalk_add_data -client project -key target_device -value "NA" -context "software_version_and_target_device"
# webtalk_add_data -client project -key target_package -value "NA" -context "software_version_and_target_device"
# webtalk_add_data -client project -key target_speed -value "NA" -context "software_version_and_target_device"
# webtalk_add_data -client project -key random_id -value "u25vlnfr3i1bokjdpsjv4nn906" -context "software_version_and_target_device"
# webtalk_add_data -client project -key project_id -value "2018.3_3" -context "software_version_and_target_device"
# webtalk_add_data -client project -key project_iteration -value "3" -context "software_version_and_target_device"
# webtalk_add_data -client project -key os_name -value "Microsoft Windows 8 or later , 64-bit" -context "user_environment"
# webtalk_add_data -client project -key os_release -value "major release  (build 9200)" -context "user_environment"
# webtalk_add_data -client project -key cpu_name -value "13th Gen Intel(R) Core(TM) i3-1315U" -context "user_environment"
# webtalk_add_data -client project -key cpu_speed -value "2496 MHz" -context "user_environment"
# webtalk_add_data -client project -key total_processors -value "1" -context "user_environment"
# webtalk_add_data -client project -key system_ram -value "16.890 GB" -context "user_environment"
# webtalk_register_client -client sdk
# webtalk_add_data -client sdk -key uid -value "1726523843838" -context "sdk\\\\bsp/1726523843838"
# webtalk_add_data -client sdk -key hwid -value "1726509800418" -context "sdk\\\\bsp/1726523843838"
# webtalk_add_data -client sdk -key os -value "standalone" -context "sdk\\\\bsp/1726523843838"
# webtalk_add_data -client sdk -key apptemplate -value "empty_application" -context "sdk\\\\bsp/1726523843838"
# webtalk_add_data -client sdk -key RecordType -value "BSPCreation" -context "sdk\\\\bsp/1726523843838"
# webtalk_add_data -client sdk -key uid -value "1726523845328" -context "sdk\\\\application/1726523845328"
# webtalk_add_data -client sdk -key hwid -value "1726509800418" -context "sdk\\\\application/1726523845328"
# webtalk_add_data -client sdk -key bspid -value "1726523843838" -context "sdk\\\\application/1726523845328"
# webtalk_add_data -client sdk -key newbsp -value "true" -context "sdk\\\\application/1726523845328"
# webtalk_add_data -client sdk -key os -value "standalone" -context "sdk\\\\application/1726523845328"
# webtalk_add_data -client sdk -key apptemplate -value "empty_application" -context "sdk\\\\application/1726523845328"
# webtalk_add_data -client sdk -key RecordType -value "APPCreation" -context "sdk\\\\application/1726523845328"
# webtalk_add_data -client sdk -key LangUsed -value "C" -context "sdk\\\\application/1726523845328"
# webtalk_add_data -client sdk -key Procused -value "ps7_cortexa9" -context "sdk\\\\application/1726523845328"
# webtalk_add_data -client sdk -key uid -value "1726531973485" -context "sdk\\\\bsp/1726531973485"
# webtalk_add_data -client sdk -key hwid -value "1726509800418" -context "sdk\\\\bsp/1726531973485"
# webtalk_add_data -client sdk -key os -value "standalone" -context "sdk\\\\bsp/1726531973485"
# webtalk_add_data -client sdk -key apptemplate -value "empty_application" -context "sdk\\\\bsp/1726531973485"
# webtalk_add_data -client sdk -key RecordType -value "BSPCreation" -context "sdk\\\\bsp/1726531973485"
# webtalk_add_data -client sdk -key uid -value "1726531974616" -context "sdk\\\\application/1726531974616"
# webtalk_add_data -client sdk -key hwid -value "1726509800418" -context "sdk\\\\application/1726531974616"
# webtalk_add_data -client sdk -key bspid -value "1726531973485" -context "sdk\\\\application/1726531974616"
# webtalk_add_data -client sdk -key newbsp -value "true" -context "sdk\\\\application/1726531974616"
# webtalk_add_data -client sdk -key os -value "standalone" -context "sdk\\\\application/1726531974616"
# webtalk_add_data -client sdk -key apptemplate -value "empty_application" -context "sdk\\\\application/1726531974616"
# webtalk_add_data -client sdk -key RecordType -value "APPCreation" -context "sdk\\\\application/1726531974616"
# webtalk_add_data -client sdk -key LangUsed -value "C" -context "sdk\\\\application/1726531974616"
# webtalk_add_data -client sdk -key Procused -value "ps7_cortexa9" -context "sdk\\\\application/1726531974616"
# webtalk_add_data -client sdk -key uid -value "NA" -context "sdk\\\\bsp/1726532220420"
# webtalk_add_data -client sdk -key RecordType -value "ToolUsage" -context "sdk\\\\bsp/1726532220420"
# webtalk_add_data -client sdk -key BootgenCount -value "0" -context "sdk\\\\bsp/1726532220420"
# webtalk_add_data -client sdk -key DebugCount -value "48" -context "sdk\\\\bsp/1726532220420"
# webtalk_add_data -client sdk -key PerfCount -value "0" -context "sdk\\\\bsp/1726532220420"
# webtalk_add_data -client sdk -key FlashCount -value "0" -context "sdk\\\\bsp/1726532220420"
# webtalk_add_data -client sdk -key CrossTriggCount -value "0" -context "sdk\\\\bsp/1726532220420"
# webtalk_add_data -client sdk -key QemuDebugCount -value "0" -context "sdk\\\\bsp/1726532220420"
# webtalk_transmit -clientid 2351529740 -regid "" -xml C:\\Users\\julia\\Documents\\1195\\Lab1\\Lab1.sdk\\webtalk\\usage_statistics_ext_sdk.xml -html C:\\Users\\julia\\Documents\\1195\\Lab1\\Lab1.sdk\\webtalk\\usage_statistics_ext_sdk.html -wdm C:\\Users\\julia\\Documents\\1195\\Lab1\\Lab1.sdk\\webtalk\\sdk_webtalk.wdm -intro "<H3>SDK Usage Report</H3><BR>"
# webtalk_terminate
INFO: [Common 17-206] Exiting Webtalk at Mon Sep 16 20:17:02 2024...
